2024-07-23 22:29:47 [restartedMain] INFO  c.t.c.CucumberjavaApplication - Starting CucumberjavaApplication using Java 17.0.11 with PID 34492 (C:\Users\ROUBEID\Documents\nodejs\cucumberjava\target\classes started by ROUBEID in C:\Users\ROUBEID\Documents\nodejs\cucumberjava)
2024-07-23 22:29:47 [restartedMain] INFO  c.t.c.CucumberjavaApplication - No active profile set, falling back to 1 default profile: "default"
2024-07-23 22:29:47 [restartedMain] INFO  o.s.b.d.e.DevToolsPropertyDefaultsPostProcessor - Devtools property defaults active! Set 'spring.devtools.add-properties' to 'false' to disable
2024-07-23 22:29:47 [restartedMain] INFO  o.s.w.s.saaj.SaajSoapMessageFactory - Creating SAAJ 1.3 MessageFactory with SOAP 1.1 Protocol
2024-07-23 22:29:47 [restartedMain] INFO  o.s.w.s.saaj.SaajSoapMessageFactory - Creating SAAJ 1.3 MessageFactory with SOAP 1.1 Protocol
2024-07-23 22:29:47 [restartedMain] INFO  o.s.b.d.a.OptionalLiveReloadServer - LiveReload server is running on port 35729
2024-07-23 22:29:47 [restartedMain] INFO  c.t.c.CucumberjavaApplication - Started CucumberjavaApplication in 1.059 seconds (process running for 1.747)
2024-07-23 22:29:47 [restartedMain] INFO  c.t.c.steps.WsdlParserRunner - Starting WsdlParserRunner with wsdlPath: src/main/resources/service.wsdl and outputDir: src/test/java/com/testframework/cucumberjava
2024-07-23 22:29:47 [restartedMain] INFO  c.t.c.service.WsdlParserService - ***********WsdlParserService***********
2024-07-23 22:29:47 [restartedMain] INFO  c.t.c.service.WsdlParserService - Starting WSDL parsing and test generation for WSDL at: src/main/resources/service.wsdl
2024-07-23 22:29:47 [restartedMain] INFO  c.t.c.service.WsdlParserService - WSDL parsing and test generation completed.
2024-07-23 22:29:47 [restartedMain] INFO  c.t.c.steps.WsdlParserRunner - WsdlParserRunner completed successfully.
2024-07-23 22:30:01 [restartedMain] INFO  c.t.c.CucumberjavaApplication - Starting CucumberjavaApplication using Java 17.0.11 with PID 24548 (C:\Users\ROUBEID\Documents\nodejs\cucumberjava\target\classes started by ROUBEID in C:\Users\ROUBEID\Documents\nodejs\cucumberjava)
2024-07-23 22:30:01 [restartedMain] INFO  c.t.c.CucumberjavaApplication - No active profile set, falling back to 1 default profile: "default"
2024-07-23 22:30:01 [restartedMain] INFO  o.s.b.d.e.DevToolsPropertyDefaultsPostProcessor - Devtools property defaults active! Set 'spring.devtools.add-properties' to 'false' to disable
2024-07-23 22:30:01 [restartedMain] INFO  o.s.w.s.saaj.SaajSoapMessageFactory - Creating SAAJ 1.3 MessageFactory with SOAP 1.1 Protocol
2024-07-23 22:30:01 [restartedMain] INFO  o.s.w.s.saaj.SaajSoapMessageFactory - Creating SAAJ 1.3 MessageFactory with SOAP 1.1 Protocol
2024-07-23 22:30:01 [restartedMain] INFO  o.s.b.d.a.OptionalLiveReloadServer - LiveReload server is running on port 35729
2024-07-23 22:30:01 [restartedMain] INFO  c.t.c.CucumberjavaApplication - Started CucumberjavaApplication in 1.07 seconds (process running for 1.788)
2024-07-23 22:30:01 [restartedMain] INFO  c.t.c.steps.WsdlParserRunner - Starting WsdlParserRunner with wsdlPath: src/main/resources/service.wsdl and outputDir: src/test/java/com/testframework/cucumberjava
2024-07-23 22:30:01 [restartedMain] INFO  c.t.c.service.WsdlParserService - ***********WsdlParserService***********
2024-07-23 22:30:01 [restartedMain] INFO  c.t.c.service.WsdlParserService - Starting WSDL parsing and test generation for WSDL at: src/main/resources/service.wsdl
2024-07-23 22:30:01 [restartedMain] INFO  c.t.c.service.WsdlParserService - WSDL parsing and test generation completed.
2024-07-23 22:30:01 [restartedMain] INFO  c.t.c.steps.WsdlParserRunner - WsdlParserRunner completed successfully.
2024-07-23 22:30:14 [restartedMain] INFO  c.t.c.CucumberjavaApplication - Starting CucumberjavaApplication using Java 17.0.11 with PID 20656 (C:\Users\ROUBEID\Documents\nodejs\cucumberjava\target\classes started by ROUBEID in C:\Users\ROUBEID\Documents\nodejs\cucumberjava)
2024-07-23 22:30:14 [restartedMain] INFO  c.t.c.CucumberjavaApplication - No active profile set, falling back to 1 default profile: "default"
2024-07-23 22:30:14 [restartedMain] INFO  o.s.b.d.e.DevToolsPropertyDefaultsPostProcessor - Devtools property defaults active! Set 'spring.devtools.add-properties' to 'false' to disable
2024-07-23 22:30:14 [restartedMain] INFO  o.s.w.s.saaj.SaajSoapMessageFactory - Creating SAAJ 1.3 MessageFactory with SOAP 1.1 Protocol
2024-07-23 22:30:14 [restartedMain] INFO  o.s.w.s.saaj.SaajSoapMessageFactory - Creating SAAJ 1.3 MessageFactory with SOAP 1.1 Protocol
2024-07-23 22:30:14 [restartedMain] INFO  o.s.b.d.a.OptionalLiveReloadServer - LiveReload server is running on port 35729
2024-07-23 22:30:14 [restartedMain] INFO  c.t.c.CucumberjavaApplication - Started CucumberjavaApplication in 1.033 seconds (process running for 1.748)
2024-07-23 22:30:14 [restartedMain] INFO  c.t.c.steps.WsdlParserRunner - Starting WsdlParserRunner with wsdlPath: src/main/resources/service.wsdl and outputDir: src/test/java/com/testframework/cucumberjava
2024-07-23 22:30:14 [restartedMain] INFO  c.t.c.service.WsdlParserService - ***********WsdlParserService***********
2024-07-23 22:30:14 [restartedMain] INFO  c.t.c.service.WsdlParserService - Starting WSDL parsing and test generation for WSDL at: src/main/resources/service.wsdl
2024-07-23 22:30:14 [restartedMain] INFO  c.t.c.service.WsdlParserService - WSDL parsing and test generation completed.
2024-07-23 22:30:14 [restartedMain] INFO  c.t.c.steps.WsdlParserRunner - WsdlParserRunner completed successfully.
2024-07-23 22:30:26 [restartedMain] INFO  c.t.c.CucumberjavaApplication - Starting CucumberjavaApplication using Java 17.0.11 with PID 6660 (C:\Users\ROUBEID\Documents\nodejs\cucumberjava\target\classes started by ROUBEID in C:\Users\ROUBEID\Documents\nodejs\cucumberjava)
2024-07-23 22:30:26 [restartedMain] INFO  c.t.c.CucumberjavaApplication - No active profile set, falling back to 1 default profile: "default"
2024-07-23 22:30:26 [restartedMain] INFO  o.s.b.d.e.DevToolsPropertyDefaultsPostProcessor - Devtools property defaults active! Set 'spring.devtools.add-properties' to 'false' to disable
2024-07-23 22:30:26 [restartedMain] INFO  o.s.w.s.saaj.SaajSoapMessageFactory - Creating SAAJ 1.3 MessageFactory with SOAP 1.1 Protocol
2024-07-23 22:30:26 [restartedMain] INFO  o.s.w.s.saaj.SaajSoapMessageFactory - Creating SAAJ 1.3 MessageFactory with SOAP 1.1 Protocol
2024-07-23 22:30:26 [restartedMain] INFO  o.s.b.d.a.OptionalLiveReloadServer - LiveReload server is running on port 35729
2024-07-23 22:30:26 [restartedMain] INFO  c.t.c.CucumberjavaApplication - Started CucumberjavaApplication in 1.022 seconds (process running for 1.747)
2024-07-23 22:30:26 [restartedMain] INFO  c.t.c.steps.WsdlParserRunner - Starting WsdlParserRunner with wsdlPath: src/main/resources/service.wsdl and outputDir: src/test/java/com/testframework/cucumberjava
2024-07-23 22:30:26 [restartedMain] INFO  c.t.c.service.WsdlParserService - ***********WsdlParserService***********
2024-07-23 22:30:26 [restartedMain] INFO  c.t.c.service.WsdlParserService - Starting WSDL parsing and test generation for WSDL at: src/main/resources/service.wsdl
2024-07-23 22:30:26 [restartedMain] INFO  c.t.c.service.WsdlParserService - WSDL parsing and test generation completed.
2024-07-23 22:30:26 [restartedMain] INFO  c.t.c.steps.WsdlParserRunner - WsdlParserRunner completed successfully.
2024-07-23 22:32:22 [restartedMain] INFO  c.t.c.CucumberjavaApplication - Starting CucumberjavaApplication using Java 17.0.11 with PID 26692 (C:\Users\ROUBEID\Documents\nodejs\cucumberjava\target\classes started by ROUBEID in C:\Users\ROUBEID\Documents\nodejs\cucumberjava)
2024-07-23 22:32:22 [restartedMain] INFO  c.t.c.CucumberjavaApplication - No active profile set, falling back to 1 default profile: "default"
2024-07-23 22:32:22 [restartedMain] INFO  o.s.b.d.e.DevToolsPropertyDefaultsPostProcessor - Devtools property defaults active! Set 'spring.devtools.add-properties' to 'false' to disable
2024-07-23 22:32:23 [restartedMain] INFO  o.s.w.s.saaj.SaajSoapMessageFactory - Creating SAAJ 1.3 MessageFactory with SOAP 1.1 Protocol
2024-07-23 22:32:23 [restartedMain] INFO  o.s.w.s.saaj.SaajSoapMessageFactory - Creating SAAJ 1.3 MessageFactory with SOAP 1.1 Protocol
2024-07-23 22:32:23 [restartedMain] INFO  o.s.b.d.a.OptionalLiveReloadServer - LiveReload server is running on port 35729
2024-07-23 22:32:23 [restartedMain] INFO  c.t.c.CucumberjavaApplication - Started CucumberjavaApplication in 1.119 seconds (process running for 1.892)
2024-07-23 22:32:23 [restartedMain] INFO  c.t.c.steps.WsdlParserRunner - Starting WsdlParserRunner with wsdlPath: src/main/resources/service.wsdl and outputDir: src/test/java/com/testframework/cucumberjava
2024-07-23 22:32:23 [restartedMain] INFO  c.t.c.service.WsdlParserService - ***********WsdlParserService***********
2024-07-23 22:32:23 [restartedMain] INFO  c.t.c.service.WsdlParserService - Starting WSDL parsing and test generation for WSDL at: src/main/resources/service.wsdl
2024-07-23 22:32:23 [restartedMain] INFO  c.t.c.service.WsdlParserService - WSDL parsing and test generation completed.
2024-07-23 22:32:23 [restartedMain] INFO  c.t.c.steps.WsdlParserRunner - WsdlParserRunner completed successfully.
2024-07-23 22:32:37 [restartedMain] INFO  c.t.c.CucumberjavaApplication - Starting CucumberjavaApplication using Java 17.0.11 with PID 34196 (C:\Users\ROUBEID\Documents\nodejs\cucumberjava\target\classes started by ROUBEID in C:\Users\ROUBEID\Documents\nodejs\cucumberjava)
2024-07-23 22:32:37 [restartedMain] INFO  c.t.c.CucumberjavaApplication - No active profile set, falling back to 1 default profile: "default"
2024-07-23 22:32:37 [restartedMain] INFO  o.s.b.d.e.DevToolsPropertyDefaultsPostProcessor - Devtools property defaults active! Set 'spring.devtools.add-properties' to 'false' to disable
2024-07-23 22:32:38 [restartedMain] INFO  o.s.w.s.saaj.SaajSoapMessageFactory - Creating SAAJ 1.3 MessageFactory with SOAP 1.1 Protocol
2024-07-23 22:32:38 [restartedMain] INFO  o.s.w.s.saaj.SaajSoapMessageFactory - Creating SAAJ 1.3 MessageFactory with SOAP 1.1 Protocol
2024-07-23 22:32:38 [restartedMain] INFO  o.s.b.d.a.OptionalLiveReloadServer - LiveReload server is running on port 35729
2024-07-23 22:32:38 [restartedMain] INFO  c.t.c.CucumberjavaApplication - Started CucumberjavaApplication in 1.081 seconds (process running for 1.757)
2024-07-23 22:32:38 [restartedMain] INFO  c.t.c.steps.WsdlParserRunner - Starting WsdlParserRunner with wsdlPath: src/main/resources/service.wsdl and outputDir: src/test/java/com/testframework/cucumberjava
2024-07-23 22:32:38 [restartedMain] INFO  c.t.c.service.WsdlParserService - ***********WsdlParserService***********
2024-07-23 22:32:38 [restartedMain] INFO  c.t.c.service.WsdlParserService - Starting WSDL parsing and test generation for WSDL at: src/main/resources/service.wsdl
2024-07-23 22:32:38 [restartedMain] INFO  c.t.c.service.WsdlParserService - WSDL parsing and test generation completed.
2024-07-23 22:32:38 [restartedMain] INFO  c.t.c.steps.WsdlParserRunner - WsdlParserRunner completed successfully.
